[35m[1mConsolidate compiler generated dependencies of target turtlesim_pose_node[0m
[ 50%] [32mBuilding CXX object CMakeFiles/turtlesim_pose_node.dir/src/turtlesim_pose.cpp.o[0m
[01m[K/home/yolo/ros_practice_ws/src/turtlesim_pose/src/turtlesim_pose.cpp:[m[K In constructor â€˜[01m[KTurtlesimPose::TurtlesimPose(const string&)[m[Kâ€™:
[01m[K/home/yolo/ros_practice_ws/src/turtlesim_pose/src/turtlesim_pose.cpp:7:11:[m[K [01;31m[Kerror: [m[Kâ€˜[01m[Kcreate_subscripition[m[Kâ€™ was not declared in this scope; did you mean â€˜[01m[Kcreate_subscription[m[Kâ€™?
    7 |     sub1_=[01;31m[Kcreate_subscripition[m[K<turtlesim::msg::Pose>("/turtle1/pose",10,std::bind(&TurtlesimPose::turtle1callback,this,_1));
      |           [01;31m[K^~~~~~~~~~~~~~~~~~~~[m[K
      |           [32m[Kcreate_subscription[m[K
[01m[K/home/yolo/ros_practice_ws/src/turtlesim_pose/src/turtlesim_pose.cpp:7:52:[m[K [01;31m[Kerror: [m[Kexpected primary-expression before â€˜[01m[K>[m[Kâ€™ token
    7 |     sub1_=create_subscripition<turtlesim::msg::Pose[01;31m[K>[m[K("/turtle1/pose",10,std::bind(&TurtlesimPose::turtle1callback,this,_1));
      |                                                    [01;31m[K^[m[K
[01m[K/home/yolo/ros_practice_ws/src/turtlesim_pose/src/turtlesim_pose.cpp:7:54:[m[K [01;35m[Kwarning: [m[Kleft operand of comma operator has no effect [[01;35m[K]8;;https://gcc.gnu.org/onlinedocs/gcc/Warning-Options.html#index-Wunused-value-Wunused-value]8;;[m[K]
    7 |     sub1_=create_subscripition<turtlesim::msg::Pose>([01;35m[K"/turtle1/pose"[m[K,10,std::bind(&TurtlesimPose::turtle1callback,this,_1));
      |                                                      [01;35m[K^~~~~~~~~~~~~~~[m[K
[01m[K/home/yolo/ros_practice_ws/src/turtlesim_pose/src/turtlesim_pose.cpp:7:122:[m[K [01;35m[Kwarning: [m[Kright operand of comma operator has no effect [[01;35m[K]8;;https://gcc.gnu.org/onlinedocs/gcc/Warning-Options.html#index-Wunused-value-Wunused-value]8;;[m[K]
    7 | "/turtle1/pose",10,std::bind(&TurtlesimPose::turtle1callback,this,_1[01;35m[K)[m[K);
      |                                                                     [01;35m[K^[m[K

[01m[K/home/yolo/ros_practice_ws/src/turtlesim_pose/src/turtlesim_pose.cpp:[m[K At global scope:
[01m[K/home/yolo/ros_practice_ws/src/turtlesim_pose/src/turtlesim_pose.cpp:16:6:[m[K [01;31m[Kerror: [m[Kredefinition of â€˜[01m[Kvoid TurtlesimPose::turtle1callback(const Pose&)[m[Kâ€™
   16 | void [01;31m[KTurtlesimPose[m[K::turtle1callback(const turtlesim::msg::Pose &pose){
      |      [01;31m[K^~~~~~~~~~~~~[m[K
[01m[K/home/yolo/ros_practice_ws/src/turtlesim_pose/src/turtlesim_pose.cpp:12:6:[m[K [01;36m[Knote: [m[Kâ€˜[01m[Kvoid TurtlesimPose::turtle1callback(const Pose&)[m[Kâ€™ previously defined here
   12 | void [01;36m[KTurtlesimPose[m[K::turtle1callback(const turtlesim::msg::Pose &pose){
      |      [01;36m[K^~~~~~~~~~~~~[m[K
gmake[2]: *** [CMakeFiles/turtlesim_pose_node.dir/build.make:76: CMakeFiles/turtlesim_pose_node.dir/src/turtlesim_pose.cpp.o] Error 1
gmake[1]: *** [CMakeFiles/Makefile2:137: CMakeFiles/turtlesim_pose_node.dir/all] Error 2
gmake: *** [Makefile:146: all] Error 2
