[0.116s] Invoking command in '/home/yolo/ros_practice_ws/build/turtlesim_pose': CMAKE_PREFIX_PATH=/opt/ros/humble /usr/bin/cmake --build /home/yolo/ros_practice_ws/build/turtlesim_pose -- -j4 -l4
[0.209s] [ 50%] [32mBuilding CXX object CMakeFiles/turtlesim_pose_node.dir/src/turtlesim_pose.cpp.o[0m
[0.242s] [01m[K/home/yolo/ros_practice_ws/src/turtlesim_pose/src/turtlesim_pose.cpp:4:13:[m[K [01;31m[Kerror: [m[Kâ€˜[01m[Kstd::placeholders[m[Kâ€™ has not been declared
[0.242s]     4 | using  std::[01;31m[Kplaceholders[m[K::_1;
[0.242s]       |             [01;31m[K^~~~~~~~~~~~[m[K
[0.244s] [01m[K/home/yolo/ros_practice_ws/src/turtlesim_pose/src/turtlesim_pose.cpp:5:1:[m[K [01;31m[Kerror: [m[Kâ€˜[01m[KTurtlesimPose[m[Kâ€™ does not name a type
[0.244s]     5 | [01;31m[KTurtlesimPose[m[K::TurtlesimPose(const std::string &name) : Node(name)
[0.244s]       | [01;31m[K^~~~~~~~~~~~~[m[K
[0.244s] [01m[K/home/yolo/ros_practice_ws/src/turtlesim_pose/src/turtlesim_pose.cpp:12:6:[m[K [01;31m[Kerror: [m[Kâ€˜[01m[KTurtlesimPose[m[Kâ€™ has not been declared
[0.244s]    12 | void [01;31m[KTurtlesimPose[m[K::turtle1callback(const turtlesim::msg::Pose &pose){
[0.245s]       |      [01;31m[K^~~~~~~~~~~~~[m[K
[0.245s] [01m[K/home/yolo/ros_practice_ws/src/turtlesim_pose/src/turtlesim_pose.cpp:12:43:[m[K [01;31m[Kerror: [m[Kâ€˜[01m[Kturtlesim[m[Kâ€™ does not name a type
[0.245s]    12 | void TurtlesimPose::turtle1callback(const [01;31m[Kturtlesim[m[K::msg::Pose &pose){
[0.245s]       |                                           [01;31m[K^~~~~~~~~[m[K
[0.249s] [01m[K/home/yolo/ros_practice_ws/src/turtlesim_pose/src/turtlesim_pose.cpp:12:57:[m[K [01;31m[Kerror: [m[Kexpected unqualified-id before â€˜[01m[K::[m[Kâ€™ token
[0.249s]    12 | void TurtlesimPose::turtle1callback(const turtlesim::msg[01;31m[K::[m[KPose &pose){
[0.249s]       |                                                         [01;31m[K^~[m[K
[0.251s] [01m[K/home/yolo/ros_practice_ws/src/turtlesim_pose/src/turtlesim_pose.cpp:12:57:[m[K [01;31m[Kerror: [m[Kexpected â€˜[01m[K)[m[Kâ€™ before â€˜[01m[K::[m[Kâ€™ token
[0.251s]    12 | void TurtlesimPose::turtle1callback[34m[K([m[Kconst turtlesim::msg[01;31m[K:[m[K[32m[K:[m[KPose &pose){
[0.251s]       |                                    [34m[K~[m[K                    [01;31m[K^[m[K[32m[K~[m[K
[0.251s]       |                                                         [32m[K)[m[K
[0.251s] [01m[K/home/yolo/ros_practice_ws/src/turtlesim_pose/src/turtlesim_pose.cpp:12:57:[m[K [01;31m[Kerror: [m[Kexpected initializer before â€˜[01m[K::[m[Kâ€™ token
[0.251s]    12 | void TurtlesimPose::turtle1callback(const turtlesim::msg[01;31m[K::[m[KPose &pose){
[0.251s]       |                                                         [01;31m[K^~[m[K
[0.252s] [01m[K/home/yolo/ros_practice_ws/src/turtlesim_pose/src/turtlesim_pose.cpp:16:6:[m[K [01;31m[Kerror: [m[Kâ€˜[01m[KTurtlesimPose[m[Kâ€™ has not been declared
[0.252s]    16 | void [01;31m[KTurtlesimPose[m[K::turtle1callback(const turtlesim::msg::Pose &pose){
[0.252s]       |      [01;31m[K^~~~~~~~~~~~~[m[K
[0.252s] [01m[K/home/yolo/ros_practice_ws/src/turtlesim_pose/src/turtlesim_pose.cpp:16:43:[m[K [01;31m[Kerror: [m[Kâ€˜[01m[Kturtlesim[m[Kâ€™ does not name a type
[0.252s]    16 | void TurtlesimPose::turtle1callback(const [01;31m[Kturtlesim[m[K::msg::Pose &pose){
[0.252s]       |                                           [01;31m[K^~~~~~~~~[m[K
[0.252s] [01m[K/home/yolo/ros_practice_ws/src/turtlesim_pose/src/turtlesim_pose.cpp:16:57:[m[K [01;31m[Kerror: [m[Kexpected unqualified-id before â€˜[01m[K::[m[Kâ€™ token
[0.252s]    16 | void TurtlesimPose::turtle1callback(const turtlesim::msg[01;31m[K::[m[KPose &pose){
[0.252s]       |                                                         [01;31m[K^~[m[K
[0.252s] [01m[K/home/yolo/ros_practice_ws/src/turtlesim_pose/src/turtlesim_pose.cpp:16:57:[m[K [01;31m[Kerror: [m[Kexpected â€˜[01m[K)[m[Kâ€™ before â€˜[01m[K::[m[Kâ€™ token
[0.252s]    16 | void TurtlesimPose::turtle1callback[34m[K([m[Kconst turtlesim::msg[01;31m[K:[m[K[32m[K:[m[KPose &pose){
[0.253s]       |                                    [34m[K~[m[K                    [01;31m[K^[m[K[32m[K~[m[K
[0.253s]       |                                                         [32m[K)[m[K
[0.253s] [01m[K/home/yolo/ros_practice_ws/src/turtlesim_pose/src/turtlesim_pose.cpp:16:57:[m[K [01;31m[Kerror: [m[Kexpected initializer before â€˜[01m[K::[m[Kâ€™ token
[0.253s]    16 | void TurtlesimPose::turtle1callback(const turtlesim::msg[01;31m[K::[m[KPose &pose){
[0.253s]       |                                                         [01;31m[K^~[m[K
[0.256s] [01m[K/home/yolo/ros_practice_ws/src/turtlesim_pose/src/turtlesim_pose.cpp:[m[K In function â€˜[01m[Kint main(int, char**)[m[Kâ€™:
[0.256s] [01m[K/home/yolo/ros_practice_ws/src/turtlesim_pose/src/turtlesim_pose.cpp:25:5:[m[K [01;31m[Kerror: [m[Kâ€˜[01m[Krclcpp[m[Kâ€™ has not been declared
[0.257s]    25 |     [01;31m[Krclcpp[m[K::init(argc,argv);
[0.257s]       |     [01;31m[K^~~~~~[m[K
[0.262s] [01m[K/home/yolo/ros_practice_ws/src/turtlesim_pose/src/turtlesim_pose.cpp:26:20:[m[K [01;31m[Kerror: [m[Kâ€˜[01m[Kmake_shared[m[Kâ€™ is not a member of â€˜[01m[Kstd[m[Kâ€™
[0.262s]    26 |     auto node=std::[01;31m[Kmake_shared[m[K<TurtlesimPose>("Turtle1");
[0.263s]       |                    [01;31m[K^~~~~~~~~~~[m[K
[0.263s] [01m[K/home/yolo/ros_practice_ws/src/turtlesim_pose/src/turtlesim_pose.cpp:2:1:[m[K [01;36m[Knote: [m[Kâ€˜[01m[Kstd::make_shared[m[Kâ€™ is defined in header â€˜[01m[K<memory>[m[Kâ€™; did you forget to â€˜[01m[K#include <memory>[m[Kâ€™?
[0.263s]     1 | #include "turtlesim_pose/turtlesim_pose.hpp"
[0.263s]   +++ |+[32m[K#include <memory>[m[K
[0.264s]     2 | 
[0.264s] [01m[K/home/yolo/ros_practice_ws/src/turtlesim_pose/src/turtlesim_pose.cpp:26:32:[m[K [01;31m[Kerror: [m[Kâ€˜[01m[KTurtlesimPose[m[Kâ€™ was not declared in this scope
[0.264s]    26 |     auto node=std::make_shared<[01;31m[KTurtlesimPose[m[K>("Turtle1");
[0.264s]       |                                [01;31m[K^~~~~~~~~~~~~[m[K
[0.265s] [01m[K/home/yolo/ros_practice_ws/src/turtlesim_pose/src/turtlesim_pose.cpp:27:5:[m[K [01;31m[Kerror: [m[Kâ€˜[01m[Krclcpp[m[Kâ€™ has not been declared
[0.266s]    27 |     [01;31m[Krclcpp[m[K::spin(node);
[0.266s]       |     [01;31m[K^~~~~~[m[K
[0.266s] [01m[K/home/yolo/ros_practice_ws/src/turtlesim_pose/src/turtlesim_pose.cpp:28:5:[m[K [01;31m[Kerror: [m[Kâ€˜[01m[Krclcpp[m[Kâ€™ has not been declared
[0.266s]    28 |     [01;31m[Krclcpp[m[K::shutdown();
[0.267s]       |     [01;31m[K^~~~~~[m[K
[0.271s] gmake[2]: *** [CMakeFiles/turtlesim_pose_node.dir/build.make:76: CMakeFiles/turtlesim_pose_node.dir/src/turtlesim_pose.cpp.o] Error 1
[0.271s] gmake[1]: *** [CMakeFiles/Makefile2:137: CMakeFiles/turtlesim_pose_node.dir/all] Error 2
[0.272s] gmake: *** [Makefile:146: all] Error 2
[0.274s] Invoked command in '/home/yolo/ros_practice_ws/build/turtlesim_pose' returned '2': CMAKE_PREFIX_PATH=/opt/ros/humble /usr/bin/cmake --build /home/yolo/ros_practice_ws/build/turtlesim_pose -- -j4 -l4
