[0.118s] Invoking command in '/home/yolo/ros_practice_ws/build/turtlesim_pose': CMAKE_PREFIX_PATH=/opt/ros/humble /usr/bin/cmake --build /home/yolo/ros_practice_ws/build/turtlesim_pose -- -j4 -l4
[0.194s] [35m[1mConsolidate compiler generated dependencies of target turtlesim_pose_node[0m
[0.225s] [ 50%] [32mBuilding CXX object CMakeFiles/turtlesim_pose_node.dir/src/turtlesim_pose.cpp.o[0m
[3.280s] In file included from [01m[K/opt/ros/humble/include/rclcpp/rclcpp/client.hpp:40[m[K,
[3.280s]                  from [01m[K/opt/ros/humble/include/rclcpp/rclcpp/callback_group.hpp:24[m[K,
[3.280s]                  from [01m[K/opt/ros/humble/include/rclcpp/rclcpp/any_executable.hpp:20[m[K,
[3.280s]                  from [01m[K/opt/ros/humble/include/rclcpp/rclcpp/memory_strategy.hpp:25[m[K,
[3.280s]                  from [01m[K/opt/ros/humble/include/rclcpp/rclcpp/memory_strategies.hpp:18[m[K,
[3.280s]                  from [01m[K/opt/ros/humble/include/rclcpp/rclcpp/executor_options.hpp:20[m[K,
[3.280s]                  from [01m[K/opt/ros/humble/include/rclcpp/rclcpp/executor.hpp:37[m[K,
[3.280s]                  from [01m[K/opt/ros/humble/include/rclcpp/rclcpp/executors/multi_threaded_executor.hpp:25[m[K,
[3.281s]                  from [01m[K/opt/ros/humble/include/rclcpp/rclcpp/executors.hpp:21[m[K,
[3.281s]                  from [01m[K/opt/ros/humble/include/rclcpp/rclcpp/rclcpp.hpp:155[m[K,
[3.281s]                  from [01m[K/home/yolo/ros_practice_ws/src/turtlesim_pose/include/turtlesim_pose/turtlesim_pose.hpp:4[m[K,
[3.281s]                  from [01m[K/home/yolo/ros_practice_ws/src/turtlesim_pose/src/turtlesim_pose.cpp:1[m[K:
[3.281s] [01m[K/home/yolo/ros_practice_ws/src/turtlesim_pose/src/turtlesim_pose.cpp:[m[K In member function â€˜[01m[Kvoid TurtlesimPose::turtle1callback(const Pose&)[m[Kâ€™:
[3.281s] [01m[K/home/yolo/ros_practice_ws/src/turtlesim_pose/src/turtlesim_pose.cpp:20:20:[m[K [01;31m[Kerror: [m[Kâ€˜[01m[Kget_logget[m[Kâ€™ was not declared in this scope; did you mean â€˜[01m[Kget_logger[m[Kâ€™?
[3.281s]    20 | RCLCPP_INFO_STREAM([01;31m[Kget_logget[m[K(),"THE TX VALUE IS : " << TX << "\n" << " TY: "<< TY << "\n");
[3.281s]       |                    [01;31m[K^~~~~~~~~~[m[K
[3.281s] [01m[K/home/yolo/ros_practice_ws/src/turtlesim_pose/src/turtlesim_pose.cpp:20:1:[m[K [01;31m[Kerror: [m[Ktemplate argument 1 is invalid
[3.282s]    20 | [01;31m[KRCLCPP_INFO_STREAM[m[K(get_logget(),"THE TX VALUE IS : " << TX << "\n" << " TY: "<< TY << "\n");
[3.282s]       | [01;31m[K^~~~~~~~~~~~~~~~~~[m[K
[3.282s] [01m[K/home/yolo/ros_practice_ws/src/turtlesim_pose/src/turtlesim_pose.cpp:20:1:[m[K [01;31m[Kerror: [m[Ktemplate argument 1 is invalid
[3.282s]    20 | [01;31m[KRCLCPP_INFO_STREAM[m[K(get_logget(),"THE TX VALUE IS : " << TX << "\n" << " TY: "<< TY << "\n");
[3.282s]       | [01;31m[K^~~~~~~~~~~~~~~~~~[m[K
[3.282s] [01m[K/home/yolo/ros_practice_ws/src/turtlesim_pose/src/turtlesim_pose.cpp:20:1:[m[K [01;31m[Kerror: [m[Ktemplate argument 1 is invalid
[3.283s]    20 | [01;31m[KRCLCPP_INFO_STREAM[m[K(get_logget(),"THE TX VALUE IS : " << TX << "\n" << " TY: "<< TY << "\n");
[3.283s]       | [01;31m[K^~~~~~~~~~~~~~~~~~[m[K
[6.424s] gmake[2]: *** [CMakeFiles/turtlesim_pose_node.dir/build.make:76: CMakeFiles/turtlesim_pose_node.dir/src/turtlesim_pose.cpp.o] Error 1
[6.424s] gmake[1]: *** [CMakeFiles/Makefile2:137: CMakeFiles/turtlesim_pose_node.dir/all] Error 2
[6.425s] gmake: *** [Makefile:146: all] Error 2
[6.429s] Invoked command in '/home/yolo/ros_practice_ws/build/turtlesim_pose' returned '2': CMAKE_PREFIX_PATH=/opt/ros/humble /usr/bin/cmake --build /home/yolo/ros_practice_ws/build/turtlesim_pose -- -j4 -l4
