[0.123s] Invoking command in '/home/yolo/ros_practice_ws/build/turtlesim_pose': CMAKE_PREFIX_PATH=/opt/ros/humble /usr/bin/cmake --build /home/yolo/ros_practice_ws/build/turtlesim_pose -- -j4 -l4
[0.202s] [35m[1mConsolidate compiler generated dependencies of target turtlesim_pose_node[0m
[0.234s] [ 50%] [32mBuilding CXX object CMakeFiles/turtlesim_pose_node.dir/src/turtlesim_pose.cpp.o[0m
[3.280s] [01m[K/home/yolo/ros_practice_ws/src/turtlesim_pose/src/turtlesim_pose.cpp:16:6:[m[K [01;31m[Kerror: [m[Kredefinition of â€˜[01m[Kvoid TurtlesimPose::turtle1callback(const Pose&)[m[Kâ€™
[3.280s]    16 | void [01;31m[KTurtlesimPose[m[K::turtle1callback(const turtlesim::msg::Pose &pose){
[3.280s]       |      [01;31m[K^~~~~~~~~~~~~[m[K
[3.280s] [01m[K/home/yolo/ros_practice_ws/src/turtlesim_pose/src/turtlesim_pose.cpp:12:6:[m[K [01;36m[Knote: [m[Kâ€˜[01m[Kvoid TurtlesimPose::turtle1callback(const Pose&)[m[Kâ€™ previously defined here
[3.280s]    12 | void [01;36m[KTurtlesimPose[m[K::turtle1callback(const turtlesim::msg::Pose &pose){
[3.280s]       |      [01;36m[K^~~~~~~~~~~~~[m[K
[6.134s] gmake[2]: *** [CMakeFiles/turtlesim_pose_node.dir/build.make:76: CMakeFiles/turtlesim_pose_node.dir/src/turtlesim_pose.cpp.o] Error 1
[6.134s] gmake[1]: *** [CMakeFiles/Makefile2:137: CMakeFiles/turtlesim_pose_node.dir/all] Error 2
[6.134s] gmake: *** [Makefile:146: all] Error 2
[6.139s] Invoked command in '/home/yolo/ros_practice_ws/build/turtlesim_pose' returned '2': CMAKE_PREFIX_PATH=/opt/ros/humble /usr/bin/cmake --build /home/yolo/ros_practice_ws/build/turtlesim_pose -- -j4 -l4
