[0.119s] Invoking command in '/home/yolo/ros_practice_ws/build/turtlesim_pose': CMAKE_PREFIX_PATH=/opt/ros/humble /usr/bin/cmake --build /home/yolo/ros_practice_ws/build/turtlesim_pose -- -j4 -l4
[0.295s] [35m[1mConsolidate compiler generated dependencies of target turtlesim_pose_node[0m
[0.317s] [ 50%] [32mBuilding CXX object CMakeFiles/turtlesim_pose_node.dir/src/turtlesim_pose.cpp.o[0m
[3.876s] In file included from [01m[K/home/yolo/ros_practice_ws/src/turtlesim_pose/src/turtlesim_pose.cpp:1[m[K:
[3.876s] [01m[K/home/yolo/ros_practice_ws/src/turtlesim_pose/include/turtlesim_pose/turtlesim_pose.hpp:10:25:[m[K [01;31m[Kerror: [m[Kâ€˜[01m[Kstd[m[Kâ€™ does not name a type
[3.877s]    10 |     TurtlesimPose(const [01;31m[Kstd[m[K:String &name);
[3.877s]       |                         [01;31m[K^~~[m[K
[3.877s] [01m[K/home/yolo/ros_practice_ws/src/turtlesim_pose/include/turtlesim_pose/turtlesim_pose.hpp:10:28:[m[K [01;31m[Kerror: [m[Kexpected â€˜[01m[K,[m[Kâ€™ or â€˜[01m[K...[m[Kâ€™ before â€˜[01m[K:[m[Kâ€™ token
[3.877s]    10 |     TurtlesimPose(const std[01;31m[K:[m[KString &name);
[3.877s]       |                            [01;31m[K^[m[K
[3.924s] [01m[K/home/yolo/ros_practice_ws/src/turtlesim_pose/src/turtlesim_pose.cpp:5:1:[m[K [01;31m[Kerror: [m[Kno declaration matches â€˜[01m[KTurtlesimPose::TurtlesimPose(const string&)[m[Kâ€™
[3.924s]     5 | [01;31m[KTurtlesimPose[m[K::TurtlesimPose(const std::string &name) : Node(name)
[3.924s]       | [01;31m[K^~~~~~~~~~~~~[m[K
[3.924s] In file included from [01m[K/home/yolo/ros_practice_ws/src/turtlesim_pose/src/turtlesim_pose.cpp:1[m[K:
[3.925s] [01m[K/home/yolo/ros_practice_ws/src/turtlesim_pose/include/turtlesim_pose/turtlesim_pose.hpp:7:7:[m[K [01;36m[Knote: [m[Kcandidates are: â€˜[01m[KTurtlesimPose::TurtlesimPose(TurtlesimPose&&)[m[Kâ€™
[3.925s]     7 | class [01;36m[KTurtlesimPose[m[K: public rclcpp::Node
[3.925s]       |       [01;36m[K^~~~~~~~~~~~~[m[K
[3.925s] [01m[K/home/yolo/ros_practice_ws/src/turtlesim_pose/include/turtlesim_pose/turtlesim_pose.hpp:7:7:[m[K [01;36m[Knote: [m[K                â€˜[01m[KTurtlesimPose::TurtlesimPose(const TurtlesimPose&)[m[Kâ€™
[3.925s] [01m[K/home/yolo/ros_practice_ws/src/turtlesim_pose/include/turtlesim_pose/turtlesim_pose.hpp:10:5:[m[K [01;36m[Knote: [m[K                â€˜[01m[KTurtlesimPose::TurtlesimPose(int)[m[Kâ€™
[3.925s]    10 |     [01;36m[KTurtlesimPose[m[K(const std:String &name);
[3.926s]       |     [01;36m[K^~~~~~~~~~~~~[m[K
[3.926s] [01m[K/home/yolo/ros_practice_ws/src/turtlesim_pose/include/turtlesim_pose/turtlesim_pose.hpp:7:7:[m[K [01;36m[Knote: [m[Kâ€˜[01m[Kclass TurtlesimPose[m[Kâ€™ defined here
[3.926s]     7 | class [01;36m[KTurtlesimPose[m[K: public rclcpp::Node
[3.926s]       |       [01;36m[K^~~~~~~~~~~~~[m[K
[3.926s] [01m[K/home/yolo/ros_practice_ws/src/turtlesim_pose/src/turtlesim_pose.cpp:16:6:[m[K [01;31m[Kerror: [m[Kredefinition of â€˜[01m[Kvoid TurtlesimPose::turtle1callback(const Pose&)[m[Kâ€™
[3.926s]    16 | void [01;31m[KTurtlesimPose[m[K::turtle1callback(const turtlesim::msg::Pose &pose){
[3.926s]       |      [01;31m[K^~~~~~~~~~~~~[m[K
[3.926s] [01m[K/home/yolo/ros_practice_ws/src/turtlesim_pose/src/turtlesim_pose.cpp:12:6:[m[K [01;36m[Knote: [m[Kâ€˜[01m[Kvoid TurtlesimPose::turtle1callback(const Pose&)[m[Kâ€™ previously defined here
[3.926s]    12 | void [01;36m[KTurtlesimPose[m[K::turtle1callback(const turtlesim::msg::Pose &pose){
[3.927s]       |      [01;36m[K^~~~~~~~~~~~~[m[K
[4.372s] In file included from [01m[K/usr/include/x86_64-linux-gnu/c++/11/bits/c++allocator.h:33[m[K,
[4.372s]                  from [01m[K/usr/include/c++/11/bits/allocator.h:46[m[K,
[4.372s]                  from [01m[K/usr/include/c++/11/memory:64[m[K,
[4.373s]                  from [01m[K/opt/ros/humble/include/rclcpp/rclcpp/rclcpp.hpp:153[m[K,
[4.373s]                  from [01m[K/home/yolo/ros_practice_ws/src/turtlesim_pose/include/turtlesim_pose/turtlesim_pose.hpp:4[m[K,
[4.373s]                  from [01m[K/home/yolo/ros_practice_ws/src/turtlesim_pose/src/turtlesim_pose.cpp:1[m[K:
[4.373s] /usr/include/c++/11/ext/new_allocator.h: In instantiation of â€˜[01m[Kvoid __gnu_cxx::new_allocator<_Tp>::construct(_Up*, _Args&& ...) [with _Up = TurtlesimPose; _Args = {const char (&)[8]}; _Tp = TurtlesimPose][m[Kâ€™:
[4.373s] [01m[K/usr/include/c++/11/bits/alloc_traits.h:516:17:[m[K   required from â€˜[01m[Kstatic void std::allocator_traits<std::allocator<_Tp1> >::construct(std::allocator_traits<std::allocator<_Tp1> >::allocator_type&, _Up*, _Args&& ...) [with _Up = TurtlesimPose; _Args = {const char (&)[8]}; _Tp = TurtlesimPose; std::allocator_traits<std::allocator<_Tp1> >::allocator_type = std::allocator<TurtlesimPose>][m[Kâ€™
[4.373s] [01m[K/usr/include/c++/11/bits/shared_ptr_base.h:519:39:[m[K   required from â€˜[01m[Kstd::_Sp_counted_ptr_inplace<_Tp, _Alloc, _Lp>::_Sp_counted_ptr_inplace(_Alloc, _Args&& ...) [with _Args = {const char (&)[8]}; _Tp = TurtlesimPose; _Alloc = std::allocator<TurtlesimPose>; __gnu_cxx::_Lock_policy _Lp = __gnu_cxx::_S_atomic][m[Kâ€™
[4.373s] [01m[K/usr/include/c++/11/bits/shared_ptr_base.h:650:16:[m[K   required from â€˜[01m[Kstd::__shared_count<_Lp>::__shared_count(_Tp*&, std::_Sp_alloc_shared_tag<_Alloc>, _Args&& ...) [with _Tp = TurtlesimPose; _Alloc = std::allocator<TurtlesimPose>; _Args = {const char (&)[8]}; __gnu_cxx::_Lock_policy _Lp = __gnu_cxx::_S_atomic][m[Kâ€™
[4.374s] [01m[K/usr/include/c++/11/bits/shared_ptr_base.h:1342:14:[m[K   required from â€˜[01m[Kstd::__shared_ptr<_Tp, _Lp>::__shared_ptr(std::_Sp_alloc_shared_tag<_Tp>, _Args&& ...) [with _Alloc = std::allocator<TurtlesimPose>; _Args = {const char (&)[8]}; _Tp = TurtlesimPose; __gnu_cxx::_Lock_policy _Lp = __gnu_cxx::_S_atomic][m[Kâ€™
[4.374s] [01m[K/usr/include/c++/11/bits/shared_ptr.h:409:59:[m[K   required from â€˜[01m[Kstd::shared_ptr<_Tp>::shared_ptr(std::_Sp_alloc_shared_tag<_Tp>, _Args&& ...) [with _Alloc = std::allocator<TurtlesimPose>; _Args = {const char (&)[8]}; _Tp = TurtlesimPose][m[Kâ€™
[4.374s] [01m[K/usr/include/c++/11/bits/shared_ptr.h:862:14:[m[K   required from â€˜[01m[Kstd::shared_ptr<_Tp> std::allocate_shared(const _Alloc&, _Args&& ...) [with _Tp = TurtlesimPose; _Alloc = std::allocator<TurtlesimPose>; _Args = {const char (&)[8]}][m[Kâ€™
[4.374s] [01m[K/usr/include/c++/11/bits/shared_ptr.h:878:39:[m[K   required from â€˜[01m[Kstd::shared_ptr<_Tp> std::make_shared(_Args&& ...) [with _Tp = TurtlesimPose; _Args = {const char (&)[8]}][m[Kâ€™
[4.374s] [01m[K/home/yolo/ros_practice_ws/src/turtlesim_pose/src/turtlesim_pose.cpp:26:46:[m[K   required from here
[4.374s] [01m[K/usr/include/c++/11/ext/new_allocator.h:162:11:[m[K [01;31m[Kerror: [m[Kinvalid conversion from â€˜[01m[Kconst char*[m[Kâ€™ to â€˜[01m[Kint[m[Kâ€™ [[01;31m[K]8;;https://gcc.gnu.org/onlinedocs/gcc/Warning-Options.html#index-fpermissive-fpermissive]8;;[m[K]
[4.374s]   162 |         { [01;31m[K::new((void *)__p) _Up(std::forward<_Args>(__args)...)[m[K; }
[4.374s]       |           [01;31m[K^~~~~~~~~~~~~~~~~~~~~~~~~~~~~~~~~~~~~~~~~~~~~~~~~~~~~~[m[K
[4.375s]       |           [01;31m[K|[m[K
[4.375s]       |           [01;31m[Kconst char*[m[K
[4.375s] In file included from [01m[K/home/yolo/ros_practice_ws/src/turtlesim_pose/src/turtlesim_pose.cpp:1[m[K:
[4.375s] [01m[K/home/yolo/ros_practice_ws/src/turtlesim_pose/include/turtlesim_pose/turtlesim_pose.hpp:10:19:[m[K [01;36m[Knote: [m[K  initializing argument 1 of â€˜[01m[KTurtlesimPose::TurtlesimPose(int)[m[Kâ€™
[4.375s]    10 |     TurtlesimPose([01;36m[Kconst std[m[K:String &name);
[4.375s]       |                   [01;36m[K^~~~~~~~~[m[K
[4.492s] gmake[2]: *** [CMakeFiles/turtlesim_pose_node.dir/build.make:76: CMakeFiles/turtlesim_pose_node.dir/src/turtlesim_pose.cpp.o] Error 1
[4.492s] gmake[1]: *** [CMakeFiles/Makefile2:137: CMakeFiles/turtlesim_pose_node.dir/all] Error 2
[4.492s] gmake: *** [Makefile:146: all] Error 2
[4.499s] Invoked command in '/home/yolo/ros_practice_ws/build/turtlesim_pose' returned '2': CMAKE_PREFIX_PATH=/opt/ros/humble /usr/bin/cmake --build /home/yolo/ros_practice_ws/build/turtlesim_pose -- -j4 -l4
