[0.112s] Invoking command in '/home/yolo/ros_practice_ws/build/turtlesim_pose': CMAKE_PREFIX_PATH=/opt/ros/humble /usr/bin/cmake /home/yolo/ros_practice_ws/src/turtlesim_pose -DCMAKE_INSTALL_PREFIX=/home/yolo/ros_practice_ws/install/turtlesim_pose
[0.130s] -- Found ament_cmake: 1.3.10 (/opt/ros/humble/share/ament_cmake/cmake)
[0.324s] -- Found rclcpp: 16.0.10 (/opt/ros/humble/share/rclcpp/cmake)
[0.382s] -- Found rosidl_generator_c: 3.1.5 (/opt/ros/humble/share/rosidl_generator_c/cmake)
[0.386s] -- Found rosidl_adapter: 3.1.5 (/opt/ros/humble/share/rosidl_adapter/cmake)
[0.396s] -- Found rosidl_generator_cpp: 3.1.5 (/opt/ros/humble/share/rosidl_generator_cpp/cmake)
[0.411s] -- Using all available rosidl_typesupport_c: rosidl_typesupport_fastrtps_c;rosidl_typesupport_introspection_c
[0.426s] -- Using all available rosidl_typesupport_cpp: rosidl_typesupport_fastrtps_cpp;rosidl_typesupport_introspection_cpp
[0.470s] -- Found rmw_implementation_cmake: 6.1.2 (/opt/ros/humble/share/rmw_implementation_cmake/cmake)
[0.473s] -- Found rmw_cyclonedds_cpp: 1.3.4 (/opt/ros/humble/share/rmw_cyclonedds_cpp/cmake)
[0.496s] -- Using RMW implementation 'rmw_cyclonedds_cpp' as default
[0.560s] -- Found turtlesim: 1.4.2 (/opt/ros/humble/share/turtlesim/cmake)
[0.616s] -- Found ament_lint_auto: 0.12.11 (/opt/ros/humble/share/ament_lint_auto/cmake)
[0.713s] -- Added test 'cppcheck' to perform static code analysis on C / C++ code
[0.713s] -- Configured cppcheck include dirs: /home/yolo/ros_practice_ws/src/turtlesim_pose/include
[0.713s] -- Configured cppcheck exclude dirs and/or files: 
[0.713s] -- Added test 'lint_cmake' to check CMake code style
[0.715s] -- Added test 'uncrustify' to check C / C++ code style
[0.715s] -- Configured uncrustify additional arguments: 
[0.715s] -- Added test 'xmllint' to check XML markup files
[0.716s] -- Configuring done
[0.731s] -- Generating done
[0.733s] -- Build files have been written to: /home/yolo/ros_practice_ws/build/turtlesim_pose
[0.745s] Invoked command in '/home/yolo/ros_practice_ws/build/turtlesim_pose' returned '0': CMAKE_PREFIX_PATH=/opt/ros/humble /usr/bin/cmake /home/yolo/ros_practice_ws/src/turtlesim_pose -DCMAKE_INSTALL_PREFIX=/home/yolo/ros_practice_ws/install/turtlesim_pose
[0.747s] Invoking command in '/home/yolo/ros_practice_ws/build/turtlesim_pose': CMAKE_PREFIX_PATH=/opt/ros/humble /usr/bin/cmake --build /home/yolo/ros_practice_ws/build/turtlesim_pose -- -j4 -l4
[0.818s] [ 50%] [32mBuilding CXX object CMakeFiles/turtlesim_pose_node.dir/src/turtlesim_pose.cpp.o[0m
[0.833s] [01m[K/home/yolo/ros_practice_ws/src/turtlesim_pose/src/turtlesim_pose.cpp:19:33:[m[K [01;35m[Kwarning: [m[Kcharacter constant too long for its type
[0.833s]    19 | RCLCPP_INFO_STREAM(get_logget(),[01;35m[K'THE TX VALUE IS : '[m[K<< TX << "\N" <<" TY: "<< TY << "\M");
[0.833s]       |                                 [01;35m[K^~~~~~~~~~~~~~~~~~~~[m[K
[0.833s] [01m[K/home/yolo/ros_practice_ws/src/turtlesim_pose/src/turtlesim_pose.cpp:25:47:[m[K [01;35m[Kwarning: [m[Kcharacter constant too long for its type
[0.833s]    25 |     auto node=std::make_shared<TurtlesimPose>([01;35m[K'TURTLE1'[m[K);
[0.833s]       |                                               [01;35m[K^~~~~~~~~[m[K
[0.835s] [01m[K/home/yolo/ros_practice_ws/src/turtlesim_pose/src/turtlesim_pose.cpp:3:22:[m[K [01;31m[Kerror: [m[Kâ€˜[01m[Kstd::placeholders[m[Kâ€™ has not been declared
[0.835s]     3 | using namespace std::[01;31m[Kplaceholders[m[K::_1;
[0.835s]       |                      [01;31m[K^~~~~~~~~~~~[m[K
[0.835s] [01m[K/home/yolo/ros_practice_ws/src/turtlesim_pose/src/turtlesim_pose.cpp:3:36:[m[K [01;31m[Kerror: [m[Kâ€˜[01m[K_1[m[Kâ€™ is not a namespace-name
[0.835s]     3 | using namespace std::placeholders::[01;31m[K_1[m[K;
[0.836s]       |                                    [01;31m[K^~[m[K
[0.836s] [01m[K/home/yolo/ros_practice_ws/src/turtlesim_pose/src/turtlesim_pose.cpp:4:1:[m[K [01;31m[Kerror: [m[Kâ€˜[01m[KTurtlesimPose[m[Kâ€™ does not name a type
[0.836s]     4 | [01;31m[KTurtlesimPose[m[K::TurtlesimPose(const std::string &name) : Node(name)
[0.836s]       | [01;31m[K^~~~~~~~~~~~~[m[K
[0.836s] [01m[K/home/yolo/ros_practice_ws/src/turtlesim_pose/src/turtlesim_pose.cpp:11:28:[m[K [01;31m[Kerror: [m[Kâ€˜[01m[Kturtlesim[m[Kâ€™ does not name a type
[0.836s]    11 | void turtle1callback(const [01;31m[Kturtlesim[m[K::msg::Pose &pose){
[0.837s]       |                            [01;31m[K^~~~~~~~~[m[K
[0.837s] [01m[K/home/yolo/ros_practice_ws/src/turtlesim_pose/src/turtlesim_pose.cpp:11:42:[m[K [01;31m[Kerror: [m[Kexpected unqualified-id before â€˜[01m[K::[m[Kâ€™ token
[0.837s]    11 | void turtle1callback(const turtlesim::msg[01;31m[K::[m[KPose &pose){
[0.837s]       |                                          [01;31m[K^~[m[K
[0.837s] [01m[K/home/yolo/ros_practice_ws/src/turtlesim_pose/src/turtlesim_pose.cpp:11:42:[m[K [01;31m[Kerror: [m[Kexpected â€˜[01m[K)[m[Kâ€™ before â€˜[01m[K::[m[Kâ€™ token
[0.837s]    11 | void turtle1callback[34m[K([m[Kconst turtlesim::msg[01;31m[K:[m[K[32m[K:[m[KPose &pose){
[0.837s]       |                     [34m[K~[m[K                    [01;31m[K^[m[K[32m[K~[m[K
[0.838s]       |                                          [32m[K)[m[K
[0.838s] [01m[K/home/yolo/ros_practice_ws/src/turtlesim_pose/src/turtlesim_pose.cpp:11:42:[m[K [01;31m[Kerror: [m[Kexpected initializer before â€˜[01m[K::[m[Kâ€™ token
[0.838s]    11 | void turtle1callback(const turtlesim::msg[01;31m[K::[m[KPose &pose){
[0.838s]       |                                          [01;31m[K^~[m[K
[0.838s] [01m[K/home/yolo/ros_practice_ws/src/turtlesim_pose/src/turtlesim_pose.cpp:15:28:[m[K [01;31m[Kerror: [m[Kâ€˜[01m[Kturtlesim[m[Kâ€™ does not name a type
[0.838s]    15 | void turtle1callback(const [01;31m[Kturtlesim[m[K::msg::Pose &pose){
[0.838s]       |                            [01;31m[K^~~~~~~~~[m[K
[0.838s] [01m[K/home/yolo/ros_practice_ws/src/turtlesim_pose/src/turtlesim_pose.cpp:15:42:[m[K [01;31m[Kerror: [m[Kexpected unqualified-id before â€˜[01m[K::[m[Kâ€™ token
[0.838s]    15 | void turtle1callback(const turtlesim::msg[01;31m[K::[m[KPose &pose){
[0.838s]       |                                          [01;31m[K^~[m[K
[0.838s] [01m[K/home/yolo/ros_practice_ws/src/turtlesim_pose/src/turtlesim_pose.cpp:15:42:[m[K [01;31m[Kerror: [m[Kexpected â€˜[01m[K)[m[Kâ€™ before â€˜[01m[K::[m[Kâ€™ token
[0.838s]    15 | void turtle1callback[34m[K([m[Kconst turtlesim::msg[01;31m[K:[m[K[32m[K:[m[KPose &pose){
[0.839s]       |                     [34m[K~[m[K                    [01;31m[K^[m[K[32m[K~[m[K
[0.839s]       |                                          [32m[K)[m[K
[0.839s] [01m[K/home/yolo/ros_practice_ws/src/turtlesim_pose/src/turtlesim_pose.cpp:15:42:[m[K [01;31m[Kerror: [m[Kexpected initializer before â€˜[01m[K::[m[Kâ€™ token
[0.839s]    15 | void turtle1callback(const turtlesim::msg[01;31m[K::[m[KPose &pose){
[0.839s]       |                                          [01;31m[K^~[m[K
[0.839s] [01m[K/home/yolo/ros_practice_ws/src/turtlesim_pose/src/turtlesim_pose.cpp:[m[K In function â€˜[01m[Kint main(int, char**)[m[Kâ€™:
[0.839s] [01m[K/home/yolo/ros_practice_ws/src/turtlesim_pose/src/turtlesim_pose.cpp:24:5:[m[K [01;31m[Kerror: [m[Kâ€˜[01m[Krclcpp[m[Kâ€™ has not been declared
[0.839s]    24 |     [01;31m[Krclcpp[m[K::init(argc,argv);
[0.839s]       |     [01;31m[K^~~~~~[m[K
[0.840s] [01m[K/home/yolo/ros_practice_ws/src/turtlesim_pose/src/turtlesim_pose.cpp:25:20:[m[K [01;31m[Kerror: [m[Kâ€˜[01m[Kmake_shared[m[Kâ€™ is not a member of â€˜[01m[Kstd[m[Kâ€™
[0.840s]    25 |     auto node=std::[01;31m[Kmake_shared[m[K<TurtlesimPose>('TURTLE1');
[0.840s]       |                    [01;31m[K^~~~~~~~~~~[m[K
[0.840s] [01m[K/home/yolo/ros_practice_ws/src/turtlesim_pose/src/turtlesim_pose.cpp:2:1:[m[K [01;36m[Knote: [m[Kâ€˜[01m[Kstd::make_shared[m[Kâ€™ is defined in header â€˜[01m[K<memory>[m[Kâ€™; did you forget to â€˜[01m[K#include <memory>[m[Kâ€™?
[0.840s]     1 | #include "turtlesim_pose/turtlesim_pose.hpp"
[0.840s]   +++ |+[32m[K#include <memory>[m[K
[0.840s]     2 | 
[0.840s] [01m[K/home/yolo/ros_practice_ws/src/turtlesim_pose/src/turtlesim_pose.cpp:25:32:[m[K [01;31m[Kerror: [m[Kâ€˜[01m[KTurtlesimPose[m[Kâ€™ was not declared in this scope
[0.840s]    25 |     auto node=std::make_shared<[01;31m[KTurtlesimPose[m[K>('TURTLE1');
[0.841s]       |                                [01;31m[K^~~~~~~~~~~~~[m[K
[0.841s] [01m[K/home/yolo/ros_practice_ws/src/turtlesim_pose/src/turtlesim_pose.cpp:26:5:[m[K [01;31m[Kerror: [m[Kâ€˜[01m[Krclcpp[m[Kâ€™ has not been declared
[0.841s]    26 |     [01;31m[Krclcpp[m[K::spin(node);
[0.841s]       |     [01;31m[K^~~~~~[m[K
[0.841s] [01m[K/home/yolo/ros_practice_ws/src/turtlesim_pose/src/turtlesim_pose.cpp:27:5:[m[K [01;31m[Kerror: [m[Kâ€˜[01m[Krclcpp[m[Kâ€™ has not been declared
[0.841s]    27 |     [01;31m[Krclcpp[m[K::shutdown();
[0.841s]       |     [01;31m[K^~~~~~[m[K
[0.843s] gmake[2]: *** [CMakeFiles/turtlesim_pose_node.dir/build.make:76: CMakeFiles/turtlesim_pose_node.dir/src/turtlesim_pose.cpp.o] Error 1
[0.843s] gmake[1]: *** [CMakeFiles/Makefile2:137: CMakeFiles/turtlesim_pose_node.dir/all] Error 2
[0.843s] gmake: *** [Makefile:146: all] Error 2
[0.847s] Invoked command in '/home/yolo/ros_practice_ws/build/turtlesim_pose' returned '2': CMAKE_PREFIX_PATH=/opt/ros/humble /usr/bin/cmake --build /home/yolo/ros_practice_ws/build/turtlesim_pose -- -j4 -l4
