[35m[1mConsolidate compiler generated dependencies of target turtlesim_pose_node[0m
[ 50%] [32mBuilding CXX object CMakeFiles/turtlesim_pose_node.dir/src/turtlesim_pose.cpp.o[0m
[01m[K/home/yolo/ros_practice_ws/src/turtlesim_pose/src/turtlesim_pose.cpp:2:9:[m[K [01;31m[Kfatal error: [m[Kturtlesim_pose.hpp: No such file or directory
    2 | #include[01;31m[K"turtlesim_pose.hpp"[m[K
      |         [01;31m[K^~~~~~~~~~~~~~~~~~~~[m[K
compilation terminated.
gmake[2]: *** [CMakeFiles/turtlesim_pose_node.dir/build.make:76: CMakeFiles/turtlesim_pose_node.dir/src/turtlesim_pose.cpp.o] Error 1
gmake[1]: *** [CMakeFiles/Makefile2:137: CMakeFiles/turtlesim_pose_node.dir/all] Error 2
gmake: *** [Makefile:146: all] Error 2
